<?xml version="1.0" encoding="UTF-8"?>
<!-- Generated by org.testng.reporters.JUnitReportReporter -->
<testsuite hostname="L-DEV-0142" failures="0" tests="2" name="Login.Positivelogin" time="7.718" errors="0" timestamp="24 May 2024 06:39:16 GMT" skipped="0">
  <testcase classname="Login.Positivelogin" name="kekapass" time="3.019"/>
  <testcase classname="Login.Positivelogin" name="kekGmail" time="4.699"/>
</testsuite> <!-- Login.Positivelogin -->
