<?xml version="1.0" encoding="UTF-8"?>
<!-- Generated by org.testng.reporters.JUnitReportReporter -->
<testsuite hostname="L-DEV-0142" failures="0" tests="2" name="Login.CreateTicket" time="4.505" errors="0" timestamp="21 Jun 2024 09:14:25 GMT" skipped="0">
  <testcase classname="Login.CreateTicket" name="openallticket" time="0.925"/>
  <testcase classname="Login.CreateTicket" name="allticketaction" time="3.580"/>
</testsuite> <!-- Login.CreateTicket -->
