<?xml version="1.0" encoding="UTF-8"?>
<!-- Generated by org.testng.reporters.JUnitReportReporter -->
<testsuite hostname="L-DEV-0142" failures="0" tests="1" name="Login.Helpdesk" time="8.407" errors="0" timestamp="28 May 2024 08:32:34 GMT" skipped="0">
  <testcase classname="Login.Helpdesk" name="mh" time="8.407"/>
</testsuite> <!-- Login.Helpdesk -->
